This is XeTeX, Version 3.141592653-2.6-0.999995 (TeX Live 2023) (preloaded format=xelatex 2023.8.1)  1 AUG 2023 20:54
entering extended mode
 restricted \write18 enabled.
 %&-line parsing enabled.
**Sohail_Preseantation.tex
(./Sohail_Preseantation.tex
LaTeX2e <2023-06-01> patch level 1
L3 programming layer <2023-06-30>

! LaTeX Error: File `beamer.cls' not found.

Type X to quit or <RETURN> to proceed,
or enter new name. (Default extension: cls)

Enter file name: 
! Emergency stop.
<read *> 
         
l.8 \usepackage
               {pgfpages}^^M 
Here is how much of TeX's memory you used:
 28 strings out of 477888
 573 string characters out of 5821337
 1908869 words of memory out of 5000000
 21037 multiletter control sequences out of 15000+600000
 558069 words of font info for 36 fonts, out of 8000000 for 9000
 14 hyphenation exceptions out of 8191
 19i,0n,29p,99b,17s stack positions out of 10000i,1000n,20000p,200000b,200000s

No pages of output.
